10:48:58.147 [restartedMain] INFO  g.i.a.x.XtremexpVisApiApplication - Starting XtremexpVisApiApplication using Java 17.0.11 with PID 38346 (/Users/admin/XXP/vis-api/target/classes started by admin in /Users/admin/XXP/vis-api)
10:48:58.148 [restartedMain] INFO  g.i.a.x.XtremexpVisApiApplication - No active profile set, falling back to 1 default profile: "default"
10:48:58.756 [restartedMain] INFO  o.s.b.w.e.tomcat.TomcatWebServer - Tomcat initialized with port 8080 (http)
10:48:58.757 [restartedMain] INFO  o.a.coyote.http11.Http11NioProtocol - Initializing ProtocolHandler ["http-nio-8080"]
10:48:58.758 [restartedMain] INFO  o.a.catalina.core.StandardService - Starting service [Tomcat]
10:48:58.760 [restartedMain] INFO  o.a.catalina.core.StandardEngine - Starting Servlet engine: [Apache Tomcat/10.1.18]
10:48:58.787 [restartedMain] INFO  o.a.c.c.C.[Tomcat].[localhost].[/] - Initializing Spring embedded WebApplicationContext
10:48:58.787 [restartedMain] INFO  o.s.b.w.s.c.ServletWebServerApplicationContext - Root WebApplicationContext: initialization completed in 633 ms
10:48:59.087 [restartedMain] INFO  o.s.b.d.a.OptionalLiveReloadServer - LiveReload server is running on port 35729
10:48:59.091 [restartedMain] INFO  o.a.coyote.http11.Http11NioProtocol - Starting ProtocolHandler ["http-nio-8080"]
10:48:59.092 [restartedMain] INFO  o.s.b.w.e.tomcat.TomcatWebServer - Tomcat started on port 8080 (http) with context path '/'
10:48:59.102 [restartedMain] INFO  g.i.a.x.XtremexpVisApiApplication - Started XtremexpVisApiApplication in 1.029 seconds (process running for 680.211)
10:48:59.103 [restartedMain] INFO  o.s.b.d.a.ConditionEvaluationDeltaLoggingListener - Condition evaluation unchanged
11:40:53.930 [http-nio-8080-exec-1] INFO  o.a.c.c.C.[Tomcat].[localhost].[/] - Initializing Spring DispatcherServlet 'dispatcherServlet'
11:40:53.934 [http-nio-8080-exec-1] INFO  o.s.web.servlet.DispatcherServlet - Initializing Servlet 'dispatcherServlet'
11:40:53.953 [http-nio-8080-exec-1] INFO  o.s.web.servlet.DispatcherServlet - Completed initialization in 18 ms
11:40:54.057 [http-nio-8080-exec-3] INFO  g.i.a.x.c.VisualizationController - Explainability type: pipeline, Explainability method: counterfactual, Model ID: UNSW_NB15_model
11:40:54.057 [http-nio-8080-exec-3] INFO  g.i.a.x.c.VisualizationController - Performing Pipeline Counterfactual explainability analysis
11:40:54.063 [http-nio-8080-exec-3] INFO  g.i.a.x.service.DataService - Sending gRPC request to server...
11:40:54.091 [http-nio-8080-exec-1] INFO  g.i.a.x.c.VisualizationController - Explainability type: pipeline, Explainability method: counterfactual, Model ID: UNSW_NB15_model
11:40:54.091 [http-nio-8080-exec-1] INFO  g.i.a.x.c.VisualizationController - Performing Pipeline Counterfactual explainability analysis
11:40:54.091 [http-nio-8080-exec-1] INFO  g.i.a.x.service.DataService - Sending gRPC request to server...
11:41:00.494 [http-nio-8080-exec-3] INFO  g.i.a.x.c.VisualizationController - Explainability analysis successful
11:41:01.987 [http-nio-8080-exec-1] INFO  g.i.a.x.c.VisualizationController - Explainability analysis successful
11:41:02.062 [http-nio-8080-exec-4] INFO  g.i.a.x.c.VisualizationController - Explainability type: pipeline, Explainability method: counterfactual, Model ID: UNSW_NB15_model
11:41:02.062 [http-nio-8080-exec-4] INFO  g.i.a.x.c.VisualizationController - Performing Pipeline Counterfactual explainability analysis
11:41:02.062 [http-nio-8080-exec-4] INFO  g.i.a.x.service.DataService - Sending gRPC request to server...
11:41:02.084 [http-nio-8080-exec-5] INFO  g.i.a.x.c.VisualizationController - Explainability type: model, Explainability method: ale, Model ID: UNSW_NB15_model
11:41:02.084 [http-nio-8080-exec-5] INFO  g.i.a.x.c.VisualizationController - Performing model-level explainability analysis
11:41:02.084 [http-nio-8080-exec-5] INFO  g.i.a.x.c.VisualizationController - Performing Model Ale explainability analysis
11:41:02.086 [http-nio-8080-exec-5] INFO  g.i.a.x.service.DataService - Sending gRPC request to server...
11:41:02.117 [http-nio-8080-exec-6] INFO  g.i.a.x.c.VisualizationController - Explainability type: pipeline, Explainability method: counterfactual, Model ID: UNSW_NB15_model
11:41:02.117 [http-nio-8080-exec-6] INFO  g.i.a.x.c.VisualizationController - Performing Pipeline Counterfactual explainability analysis
11:41:02.117 [http-nio-8080-exec-6] INFO  g.i.a.x.service.DataService - Sending gRPC request to server...
11:41:02.117 [http-nio-8080-exec-7] INFO  g.i.a.x.c.VisualizationController - Explainability type: model, Explainability method: ale, Model ID: UNSW_NB15_model
11:41:02.118 [http-nio-8080-exec-7] INFO  g.i.a.x.c.VisualizationController - Performing model-level explainability analysis
11:41:02.118 [http-nio-8080-exec-7] INFO  g.i.a.x.c.VisualizationController - Performing Model Ale explainability analysis
11:41:02.118 [http-nio-8080-exec-7] INFO  g.i.a.x.service.DataService - Sending gRPC request to server...
11:41:05.478 [http-nio-8080-exec-4] INFO  g.i.a.x.c.VisualizationController - Explainability analysis successful
11:41:05.493 [http-nio-8080-exec-6] INFO  g.i.a.x.c.VisualizationController - Explainability analysis successful
11:41:17.824 [http-nio-8080-exec-5] INFO  g.i.a.x.c.VisualizationController - Explainability analysis successful
11:41:18.025 [http-nio-8080-exec-7] INFO  g.i.a.x.c.VisualizationController - Explainability analysis successful
